

***********************************************************************
Fatal NI connect error 12170.

  VERSION INFORMATION:
	TNS for 32-bit Windows: Version 10.2.0.3.0 - Production
	Windows NT TCP/IP NT Protocol Adapter for 32-bit Windows: Version 10.2.0.3.0 - Production
  Time: 11-JUN-2015 20:52:23
  Tracing not turned on.
  Tns error struct:
    ns main err code: 12535
    TNS-12535: TNS:timeout de la operación
    ns secondary err code: 12560
    nt main err code: 505
    TNS-00505: Timeout de la operación
    nt secondary err code: 60
    nt OS err code: 0
  Client address: <unknown>


***********************************************************************
Fatal NI connect error 12170.

  VERSION INFORMATION:
	TNS for 32-bit Windows: Version 10.2.0.3.0 - Production
	Windows NT TCP/IP NT Protocol Adapter for 32-bit Windows: Version 10.2.0.3.0 - Production
  Time: 11-JUN-2015 20:52:44
  Tracing not turned on.
  Tns error struct:
    ns main err code: 12535
    TNS-12535: TNS:timeout de la operación
    ns secondary err code: 12560
    nt main err code: 505
    TNS-00505: Timeout de la operación
    nt secondary err code: 60
    nt OS err code: 0
  Client address: <unknown>


***********************************************************************
Fatal NI connect error 12170.

  VERSION INFORMATION:
	TNS for 32-bit Windows: Version 10.2.0.3.0 - Production
	Windows NT TCP/IP NT Protocol Adapter for 32-bit Windows: Version 10.2.0.3.0 - Production
  Time: 11-JUN-2015 20:53:05
  Tracing not turned on.
  Tns error struct:
    ns main err code: 12535
    TNS-12535: TNS:timeout de la operación
    ns secondary err code: 12560
    nt main err code: 505
    TNS-00505: Timeout de la operación
    nt secondary err code: 60
    nt OS err code: 0
  Client address: <unknown>
